15:10:58 │ Ket noi Telegram...
15:11:10 │ Bot dang chay voi tai khoan: CeeTeeMj| (@CeeTee83)
15:11:11 │ Lang nghe topic 14416 trong t.me/chubengoc_88
15:11:11 │ San sang nhan lenh. Nhan Ctrl+C de dung.

15:11:11 │ Dang tai cache 13 nhom nguon...
15:11:11 │   [anhemnhaclot] Chua co cache, dang quet...
15:20:56 │ Bot da dung.
15:34:38 │ Ket noi Telegram...
15:34:39 │ Bot dang chay: CeeTeeMj| (@CeeTee83)
15:34:39 │ Lang nghe topic 14416 trong t.me/chubengoc_88
15:34:39 │ Dang tai cache 13 nhom nguon...
15:34:39 │   [anhemnhaclot] Chua co cache, dang quet toan bo...
15:34:53 │ Bot da dung.
21:16:54 │ Ket noi Telegram...
21:17:08 │ Bot dang chay: CeeTeeMj| (@CeeTee83)
21:17:08 │ Lang nghe topic 14416 trong t.me/chubengoc_88
21:17:08 │ Dang tai cache 13 nhom nguon...
21:17:08 │   [anhemnhaclot] Chua co cache, dang quet toan bo...
21:17:33 │   [anhemnhaclot] Loi: The key is not registered in the system (caused by GetHistoryRequest)
21:17:33 │   [congdongamnhac] Chua co cache, dang quet toan bo...
21:17:33 │   [congdongamnhac] Loi: The key is not registered in the system (caused by ResolveUsernameRequest)
21:17:33 │   [songbacamnhac] Chua co cache, dang quet toan bo...
21:17:33 │   [songbacamnhac] Loi: The key is not registered in the system (caused by ResolveUsernameRequest)
21:17:33 │   [kenhnhacchualanh] Chua co cache, dang quet toan bo...
21:17:33 │   [kenhnhacchualanh] Loi: The key is not registered in the system (caused by ResolveUsernameRequest)
21:17:33 │   [tonghoptrack] Chua co cache, dang quet toan bo...
21:17:33 │   [tonghoptrack] Loi: The key is not registered in the system (caused by ResolveUsernameRequest)
21:17:33 │   [nhaclotchatluongcao] Chua co cache, dang quet toan bo...
21:17:33 │   [nhaclotchatluongcao] Loi: The key is not registered in the system (caused by ResolveUsernameRequest)
21:17:33 │   [houselaktrack] Chua co cache, dang quet toan bo...
21:17:33 │   [houselaktrack] Loi: The key is not registered in the system (caused by ResolveUsernameRequest)
21:17:33 │   [nhomtracknhaclot] Chua co cache, dang quet toan bo...
21:17:33 │   [nhomtracknhaclot] Loi: The key is not registered in the system (caused by ResolveUsernameRequest)
21:17:33 │   [nhomtrackhouselak] Chua co cache, dang quet toan bo...
21:17:34 │   [nhomtrackhouselak] Loi: The key is not registered in the system (caused by ResolveUsernameRequest)
21:17:34 │   [tracknhac] Chua co cache, dang quet toan bo...
21:17:34 │   [tracknhac] Loi: The key is not registered in the system (caused by ResolveUsernameRequest)
21:17:34 │   [caubesuutamnhac] Chua co cache, dang quet toan bo...
21:17:34 │   [caubesuutamnhac] Loi: The key is not registered in the system (caused by ResolveUsernameRequest)
21:17:34 │   [houselaksinhvien] Chua co cache, dang quet toan bo...
21:17:34 │   [houselaksinhvien] Loi: The key is not registered in the system (caused by ResolveUsernameRequest)
21:17:34 │   [tracksinhvien] Chua co cache, dang quet toan bo...
21:17:34 │   [tracksinhvien] Loi: The key is not registered in the system (caused by ResolveUsernameRequest)
21:17:34 │   [chubengoc_88] Chua co cache, dang quet toan bo...
21:17:34 │   [chubengoc_88] Loi: The key is not registered in the system (caused by ResolveUsernameRequest)
21:17:34 │ Tong: 0 file tu 13 nhom. San sang nhan lenh!

21:17:56 │ Ket noi Telegram...
21:18:04 │ Bot dang chay: CeeTeeMj| (@CeeTee83)
21:18:04 │ Lang nghe topic 14416 trong t.me/chubengoc_88
21:18:04 │ Dang tai cache 13 nhom nguon...
21:18:04 │   [anhemnhaclot] Chua co cache, dang quet toan bo...
21:18:23 │ Bot da dung.
23:03:33 │ Ket noi Telegram...
23:03:56 │ Bot dang chay: CeeTeeMj| (@CeeTee83)
23:03:56 │ Lang nghe topic 14416 trong t.me/chubengoc_88
23:03:56 │ Dang tai cache 13 nhom nguon...
23:03:56 │   [anhemnhaclot] Chua co cache, dang quet toan bo...
23:04:05 │ Bot đã dừng!.
12:51:12 │ Ket noi Telegram...
12:51:56 │ Ket noi Telegram...
12:52:10 │ Bot dang chay: CeeTeeMj| (@CeeTee83)
12:52:10 │ Lang nghe topic 14416 trong t.me/chubengoc_88
12:52:10 │ Dang tai cache 13 nhom nguon...
12:52:10 │   [anhemnhaclot] Chua co cache, dang quet toan bo...
12:52:11 │ Bot đã dừng!.
